This is pdfTeX, Version 3.14159265-2.6-1.40.21 (TeX Live 2020) (preloaded format=pdflatex 2020.4.7)  21 MAY 2020 17:31
entering extended mode
 restricted \write18 enabled.
 %&-line parsing enabled.
**doppler.tex
(./doppler.tex
LaTeX2e <2020-02-02> patch level 5
L3 programming layer <2020-03-06>
(/usr/local/texlive/2020/texmf-dist/tex/latex/base/article.cls
Document Class: article 2019/12/20 v1.4l Standard LaTeX document class
(/usr/local/texlive/2020/texmf-dist/tex/latex/base/size12.clo
File: size12.clo 2019/12/20 v1.4l Standard LaTeX file (size option)
)
\c@part=\count167
\c@section=\count168
\c@subsection=\count169
\c@subsubsection=\count170
\c@paragraph=\count171
\c@subparagraph=\count172
\c@figure=\count173
\c@table=\count174
\abovecaptionskip=\skip47
\belowcaptionskip=\skip48
\bibindent=\dimen134
)
(/usr/local/texlive/2020/texmf-dist/tex/latex/geometry/geometry.sty
Package: geometry 2020/01/02 v5.9 Page Geometry

(/usr/local/texlive/2020/texmf-dist/tex/latex/graphics/keyval.sty
Package: keyval 2014/10/28 v1.15 key=value parser (DPC)
\KV@toks@=\toks15
)
(/usr/local/texlive/2020/texmf-dist/tex/generic/iftex/ifvtex.sty
Package: ifvtex 2019/10/25 v1.7 ifvtex legacy package. Use iftex instead.

(/usr/local/texlive/2020/texmf-dist/tex/generic/iftex/iftex.sty
Package: iftex 2020/03/06 v1.0d TeX engine tests
))
\Gm@cnth=\count175
\Gm@cntv=\count176
\c@Gm@tempcnt=\count177
\Gm@bindingoffset=\dimen135
\Gm@wd@mp=\dimen136
\Gm@odd@mp=\dimen137
\Gm@even@mp=\dimen138
\Gm@layoutwidth=\dimen139
\Gm@layoutheight=\dimen140
\Gm@layouthoffset=\dimen141
\Gm@layoutvoffset=\dimen142
\Gm@dimlist=\toks16
)
(/usr/local/texlive/2020/texmf-dist/tex/latex/amsmath/amsmath.sty
Package: amsmath 2020/01/20 v2.17e AMS math features
\@mathmargin=\skip49

For additional information on amsmath, use the `?' option.
(/usr/local/texlive/2020/texmf-dist/tex/latex/amsmath/amstext.sty
Package: amstext 2000/06/29 v2.01 AMS text

(/usr/local/texlive/2020/texmf-dist/tex/latex/amsmath/amsgen.sty
File: amsgen.sty 1999/11/30 v2.0 generic functions
\@emptytoks=\toks17
\ex@=\dimen143
))
(/usr/local/texlive/2020/texmf-dist/tex/latex/amsmath/amsbsy.sty
Package: amsbsy 1999/11/29 v1.2d Bold Symbols
\pmbraise@=\dimen144
)
(/usr/local/texlive/2020/texmf-dist/tex/latex/amsmath/amsopn.sty
Package: amsopn 2016/03/08 v2.02 operator names
)
\inf@bad=\count178
LaTeX Info: Redefining \frac on input line 227.
\uproot@=\count179
\leftroot@=\count180
LaTeX Info: Redefining \overline on input line 389.
\classnum@=\count181
\DOTSCASE@=\count182
LaTeX Info: Redefining \ldots on input line 486.
LaTeX Info: Redefining \dots on input line 489.
LaTeX Info: Redefining \cdots on input line 610.
\Mathstrutbox@=\box45
\strutbox@=\box46
\big@size=\dimen145
LaTeX Font Info:    Redeclaring font encoding OML on input line 733.
LaTeX Font Info:    Redeclaring font encoding OMS on input line 734.
\macc@depth=\count183
\c@MaxMatrixCols=\count184
\dotsspace@=\muskip16
\c@parentequation=\count185
\dspbrk@lvl=\count186
\tag@help=\toks18
\row@=\count187
\column@=\count188
\maxfields@=\count189
\andhelp@=\toks19
\eqnshift@=\dimen146
\alignsep@=\dimen147
\tagshift@=\dimen148
\tagwidth@=\dimen149
\totwidth@=\dimen150
\lineht@=\dimen151
\@envbody=\toks20
\multlinegap=\skip50
\multlinetaggap=\skip51
\mathdisplay@stack=\toks21
LaTeX Info: Redefining \[ on input line 2859.
LaTeX Info: Redefining \] on input line 2860.
)
(/usr/local/texlive/2020/texmf-dist/tex/latex/graphics/graphicx.sty
Package: graphicx 2019/11/30 v1.2a Enhanced LaTeX Graphics (DPC,SPQR)

(/usr/local/texlive/2020/texmf-dist/tex/latex/graphics/graphics.sty
Package: graphics 2019/11/30 v1.4a Standard LaTeX Graphics (DPC,SPQR)

(/usr/local/texlive/2020/texmf-dist/tex/latex/graphics/trig.sty
Package: trig 2016/01/03 v1.10 sin cos tan (DPC)
)
(/usr/local/texlive/2020/texmf-dist/tex/latex/graphics-cfg/graphics.cfg
File: graphics.cfg 2016/06/04 v1.11 sample graphics configuration
)
Package graphics Info: Driver file: pdftex.def on input line 105.

(/usr/local/texlive/2020/texmf-dist/tex/latex/graphics-def/pdftex.def
File: pdftex.def 2018/01/08 v1.0l Graphics/color driver for pdftex
))
\Gin@req@height=\dimen152
\Gin@req@width=\dimen153
)
(/usr/local/texlive/2020/texmf-dist/tex/latex/float/float.sty
Package: float 2001/11/08 v1.3d Float enhancements (AL)
\c@float@type=\count190
\float@exts=\toks22
\float@box=\box47
\@float@everytoks=\toks23
\@floatcapt=\box48
)
(/usr/local/texlive/2020/texmf-dist/tex/latex/subfig/subfig.sty
Package: subfig 2005/06/28 ver: 1.3 subfig package

(/usr/local/texlive/2020/texmf-dist/tex/latex/caption/caption.sty
Package: caption 2020/01/03 v3.4h Customizing captions (AR)

(/usr/local/texlive/2020/texmf-dist/tex/latex/caption/caption3.sty
Package: caption3 2020/01/03 v1.8h caption3 kernel (AR)
Package caption3 Info: TeX engine: e-TeX on input line 61.
\captionmargin=\dimen154
\captionmargin@=\dimen155
\captionwidth=\dimen156
\caption@tempdima=\dimen157
\caption@indent=\dimen158
\caption@parindent=\dimen159
\caption@hangindent=\dimen160
Package caption Info: Standard document class detected.
)
\c@caption@flags=\count191
\c@continuedfloat=\count192
Package caption Info: float package is loaded.
)
\c@KVtest=\count193
\sf@farskip=\skip52
\sf@captopadj=\dimen161
\sf@capskip=\skip53
\sf@nearskip=\skip54
\c@subfigure=\count194
\c@subfigure@save=\count195
\c@lofdepth=\count196
\c@subtable=\count197
\c@subtable@save=\count198
\c@lotdepth=\count199
\sf@top=\skip55
\sf@bottom=\skip56
)
(/usr/local/texlive/2020/texmf-dist/tex/latex/url/url.sty
\Urlmuskip=\muskip17
Package: url 2013/09/16  ver 3.4  Verb mode for urls, etc.
)
(/usr/local/texlive/2020/texmf-dist/tex/latex/appendix/appendix.sty
Package: appendix 2020/02/08 v1.2c extra appendix facilities
\c@@pps=\count266
\c@@ppsavesec=\count267
\c@@ppsaveapp=\count268
)
(/usr/local/texlive/2020/texmf-dist/tex/latex/l3backend/l3backend-pdfmode.def
File: l3backend-pdfmode.def 2020-03-12 L3 backend support: PDF mode
\l__kernel_color_stack_int=\count269
\l__pdf_internal_box=\box49
)
(./doppler.aux)
\openout1 = `doppler.aux'.

LaTeX Font Info:    Checking defaults for OML/cmm/m/it on input line 15.
LaTeX Font Info:    ... okay on input line 15.
LaTeX Font Info:    Checking defaults for OMS/cmsy/m/n on input line 15.
LaTeX Font Info:    ... okay on input line 15.
LaTeX Font Info:    Checking defaults for OT1/cmr/m/n on input line 15.
LaTeX Font Info:    ... okay on input line 15.
LaTeX Font Info:    Checking defaults for T1/cmr/m/n on input line 15.
LaTeX Font Info:    ... okay on input line 15.
LaTeX Font Info:    Checking defaults for TS1/cmr/m/n on input line 15.
LaTeX Font Info:    ... okay on input line 15.
LaTeX Font Info:    Checking defaults for OMX/cmex/m/n on input line 15.
LaTeX Font Info:    ... okay on input line 15.
LaTeX Font Info:    Checking defaults for U/cmr/m/n on input line 15.
LaTeX Font Info:    ... okay on input line 15.

*geometry* driver: auto-detecting
*geometry* detected driver: pdftex
*geometry* verbose mode - [ preamble ] result:
* driver: pdftex
* paper: <default>
* layout: <same size as paper>
* layoutoffset:(h,v)=(0.0pt,0.0pt)
* modes: 
* h-part:(L,W,R)=(72.26999pt, 469.75502pt, 72.26999pt)
* v-part:(T,H,B)=(72.26999pt, 650.43001pt, 72.26999pt)
* \paperwidth=614.295pt
* \paperheight=794.96999pt
* \textwidth=469.75502pt
* \textheight=650.43001pt
* \oddsidemargin=0.0pt
* \evensidemargin=0.0pt
* \topmargin=-37.0pt
* \headheight=12.0pt
* \headsep=25.0pt
* \topskip=12.0pt
* \footskip=30.0pt
* \marginparwidth=44.0pt
* \marginparsep=10.0pt
* \columnsep=10.0pt
* \skip\footins=10.8pt plus 4.0pt minus 2.0pt
* \hoffset=0.0pt
* \voffset=0.0pt
* \mag=1000
* \@twocolumnfalse
* \@twosidefalse
* \@mparswitchfalse
* \@reversemarginfalse
* (1in=72.27pt=25.4mm, 1cm=28.453pt)

(/usr/local/texlive/2020/texmf-dist/tex/context/base/mkii/supp-pdf.mkii
[Loading MPS to PDF converter (version 2006.09.02).]
\scratchcounter=\count270
\scratchdimen=\dimen162
\scratchbox=\box50
\nofMPsegments=\count271
\nofMParguments=\count272
\everyMPshowfont=\toks24
\MPscratchCnt=\count273
\MPscratchDim=\dimen163
\MPnumerator=\count274
\makeMPintoPDFobject=\count275
\everyMPtoPDFconversion=\toks25
) (/usr/local/texlive/2020/texmf-dist/tex/latex/epstopdf-pkg/epstopdf-base.sty
Package: epstopdf-base 2020-01-24 v2.11 Base part for package epstopdf
Package epstopdf-base Info: Redefining graphics rule for `.eps' on input line 4
85.

(/usr/local/texlive/2020/texmf-dist/tex/latex/latexconfig/epstopdf-sys.cfg
File: epstopdf-sys.cfg 2010/07/13 v1.3 Configuration of (r)epstopdf for TeX Liv
e
))
Package caption Info: Begin \AtBeginDocument code.
Package caption Info: subfig package v1.3 is loaded.
Package caption Info: End \AtBeginDocument code.
<comparison.png, id=1, 857.1222pt x 436.029pt>
File: comparison.png Graphic file (type png)
<use comparison.png>
Package pdftex.def Info: comparison.png  used on input line 32.
(pdftex.def)             Requested size: 361.34999pt x 183.82286pt.

[1

{/usr/local/texlive/2020/texmf-var/fonts/map/pdftex/updmap/pdftex.map} <./compa
rison.png (PNG copy)>]
<wavelength.png, id=13, 467.346pt x 216.81pt>
File: wavelength.png Graphic file (type png)
<use wavelength.png>
Package pdftex.def Info: wavelength.png  used on input line 49.
(pdftex.def)             Requested size: 361.34999pt x 167.63564pt.
<composition.png, id=14, 1368.11125pt x 813.0375pt>
File: composition.png Graphic file (type png)
<use composition.png>
Package pdftex.def Info: composition.png  used on input line 72.
(pdftex.def)             Requested size: 361.34999pt x 214.73436pt.
 [2 <./wavelength.png (PNG copy)>]
<spectrogram.png, id=21, 562.1pt x 421.575pt>
File: spectrogram.png Graphic file (type png)
<use spectrogram.png>
Package pdftex.def Info: spectrogram.png  used on input line 86.
(pdftex.def)             Requested size: 361.34999pt x 271.00998pt.
 [3 <./composition.png>] [4 <./spectrogram.png>]
<resultsvert.png, id=31, 3613.5pt x 3613.5pt>
File: resultsvert.png Graphic file (type png)
<use resultsvert.png>
Package pdftex.def Info: resultsvert.png  used on input line 129.
(pdftex.def)             Requested size: 505.89pt x 505.88657pt.

Overfull \hbox (36.13498pt too wide) in paragraph at lines 129--130
 [][] 
 []

[5] [6 <./resultsvert.png>]
<zerodistance.png, id=39, 717.68124pt x 488.82625pt>
File: zerodistance.png Graphic file (type png)
<use zerodistance.png>
Package pdftex.def Info: zerodistance.png  used on input line 156.
(pdftex.def)             Requested size: 361.34999pt x 246.12805pt.
 [7]
<smalld.png, id=44, 585.18625pt x 488.82625pt>
File: smalld.png Graphic file (type png)
<use smalld.png>
Package pdftex.def Info: smalld.png  used on input line 165.
(pdftex.def)             Requested size: 187.89914pt x 156.95717pt.
<bigd.png, id=45, 585.18625pt x 488.82625pt>
File: bigd.png Graphic file (type png)
<use bigd.png>
Package pdftex.def Info: bigd.png  used on input line 167.
(pdftex.def)             Requested size: 187.89914pt x 156.95717pt.
 [8 <./zerodistance.png> <./smalld.png> <./bigd.png>]
<thrust_ssc.jpg, id=55, 391.4625pt x 328.97906pt>
File: thrust_ssc.jpg Graphic file (type jpg)
<use thrust_ssc.jpg>
Package pdftex.def Info: thrust_ssc.jpg  used on input line 180.
(pdftex.def)             Requested size: 144.54pt x 121.46935pt.
<soundbarrier.png, id=56, 997.7275pt x 688.5725pt>
File: soundbarrier.png Graphic file (type png)
<use soundbarrier.png>
Package pdftex.def Info: soundbarrier.png  used on input line 189.
(pdftex.def)             Requested size: 361.34999pt x 249.37785pt.
 [9 <./thrust_ssc.jpg>]
<redshift.png, id=60, 803.0pt x 1419.3025pt>
File: redshift.png Graphic file (type png)
<use redshift.png>
Package pdftex.def Info: redshift.png  used on input line 204.
(pdftex.def)             Requested size: 144.54pt x 255.46342pt.
 [10 <./soundbarrier.png>]
<reactor.jpg, id=65, 672.3519pt x 883.6212pt>
File: reactor.jpg Graphic file (type jpg)
<use reactor.jpg>
Package pdftex.def Info: reactor.jpg  used on input line 217.
(pdftex.def)             Requested size: 289.07999pt x 379.90926pt.
 [11 <./redshift.png>]
<angle.png, id=69, 474.573pt x 478.9092pt>
File: angle.png Graphic file (type png)
<use angle.png>
Package pdftex.def Info: angle.png  used on input line 232.
(pdftex.def)             Requested size: 361.34999pt x 364.65437pt.

[12 <./reactor.jpg>]
<distance.png, id=74, 678.535pt x 502.87875pt>
File: distance.png Graphic file (type png)
<use distance.png>
Package pdftex.def Info: distance.png  used on input line 245.
(pdftex.def)             Requested size: 361.34999pt x 267.80591pt.
 [13 <./angle.png (PNG copy)>]
<velocity.png, id=79, 675.52374pt x 474.77374pt>
File: velocity.png Graphic file (type png)
<use velocity.png>
Package pdftex.def Info: velocity.png  used on input line 256.
(pdftex.def)             Requested size: 361.34999pt x 253.96884pt.
 [14 <./distance.png>]
<frequency.png, id=84, 652.4375pt x 278.03876pt>
File: frequency.png Graphic file (type png)
<use frequency.png>
Package pdftex.def Info: frequency.png  used on input line 267.
(pdftex.def)             Requested size: 361.34999pt x 153.99513pt.

Overfull \hbox (18.8546pt too wide) in paragraph at lines 277--278
\OT1/cmr/m/n/12 from: $\OT1/cmtt/m/n/12 https : / / www . researchgate . net / 
post / Does _ wavelength _ have _ an _ effect _ on _ sound _
 []

[15 <./velocity.png> <./frequency.png>] [16] (./doppler.aux)

LaTeX Warning: Label(s) may have changed. Rerun to get cross-references right.

 ) 
Here is how much of TeX's memory you used:
 3902 strings out of 480608
 59122 string characters out of 5903631
 305407 words of memory out of 5000000
 19779 multiletter control sequences out of 15000+600000
 539364 words of font info for 49 fonts, out of 8000000 for 9000
 1141 hyphenation exceptions out of 8191
 50i,9n,49p,911b,394s stack positions out of 5000i,500n,10000p,200000b,80000s
{/usr/local/texlive/2020/texmf-dist/fonts/enc/dvips/cm-super/cm-super-ts1.enc
}</usr/local/texlive/2020/texmf-dist/fonts/type1/public/amsfonts/cm/cmbx12.pfb>
</usr/local/texlive/2020/texmf-dist/fonts/type1/public/amsfonts/cm/cmex10.pfb><
/usr/local/texlive/2020/texmf-dist/fonts/type1/public/amsfonts/cm/cmmi10.pfb></
usr/local/texlive/2020/texmf-dist/fonts/type1/public/amsfonts/cm/cmmi12.pfb></u
sr/local/texlive/2020/texmf-dist/fonts/type1/public/amsfonts/cm/cmmi6.pfb></usr
/local/texlive/2020/texmf-dist/fonts/type1/public/amsfonts/cm/cmmi8.pfb></usr/l
ocal/texlive/2020/texmf-dist/fonts/type1/public/amsfonts/cm/cmr10.pfb></usr/loc
al/texlive/2020/texmf-dist/fonts/type1/public/amsfonts/cm/cmr12.pfb></usr/local
/texlive/2020/texmf-dist/fonts/type1/public/amsfonts/cm/cmr17.pfb></usr/local/t
exlive/2020/texmf-dist/fonts/type1/public/amsfonts/cm/cmr7.pfb></usr/local/texl
ive/2020/texmf-dist/fonts/type1/public/amsfonts/cm/cmr8.pfb></usr/local/texlive
/2020/texmf-dist/fonts/type1/public/amsfonts/cm/cmsy10.pfb></usr/local/texlive/
2020/texmf-dist/fonts/type1/public/amsfonts/cm/cmsy8.pfb></usr/local/texlive/20
20/texmf-dist/fonts/type1/public/amsfonts/cm/cmtt12.pfb></usr/local/texlive/202
0/texmf-dist/fonts/type1/public/cm-super/sfrm1200.pfb>
Output written on doppler.pdf (16 pages, 1817259 bytes).
PDF statistics:
 143 PDF objects out of 1000 (max. 8388607)
 84 compressed objects within 1 object stream
 0 named destinations out of 1000 (max. 500000)
 81 words of extra memory for PDF output out of 10000 (max. 10000000)

